d:\универ\лабы оаип\sem2\kyrsovaya\itog_kyrs — итоговый вариант\kyrs_spis\kyrs_spis\debug\kyrs_spis.pch
d:\универ\лабы оаип\sem2\kyrsovaya\itog_kyrs — итоговый вариант\kyrs_spis\kyrs_spis\debug\vc140.pdb
d:\универ\лабы оаип\sem2\kyrsovaya\itog_kyrs — итоговый вариант\kyrs_spis\kyrs_spis\debug\vc140.idb
d:\универ\лабы оаип\sem2\kyrsovaya\itog_kyrs — итоговый вариант\kyrs_spis\kyrs_spis\debug\stdafx.obj
d:\универ\лабы оаип\sem2\kyrsovaya\itog_kyrs — итоговый вариант\kyrs_spis\kyrs_spis\debug\kyrs_spis.obj
d:\универ\лабы оаип\sem2\kyrsovaya\itog_kyrs — итоговый вариант\kyrs_spis\kyrs_spis\debug\print.obj
d:\универ\лабы оаип\sem2\kyrsovaya\itog_kyrs — итоговый вариант\kyrs_spis\kyrs_spis\debug\sort.obj
d:\универ\лабы оаип\sem2\kyrsovaya\itog_kyrs — итоговый вариант\kyrs_spis\kyrs_spis\debug\filt.obj
d:\универ\лабы оаип\sem2\kyrsovaya\itog_kyrs — итоговый вариант\kyrs_spis\kyrs_spis\debug\input.obj
d:\универ\лабы оаип\sem2\kyrsovaya\itog_kyrs — итоговый вариант\kyrs_spis\kyrs_spis\debug\search.obj
d:\универ\лабы оаип\sem2\kyrsovaya\itog_kyrs — итоговый вариант\kyrs_spis\kyrs_spis\debug\check_input.obj
d:\универ\лабы оаип\sem2\kyrsovaya\itog_kyrs — итоговый вариант\kyrs_spis\kyrs_spis\debug\filework.obj
d:\универ\лабы оаип\sem2\kyrsovaya\itog_kyrs — итоговый вариант\kyrs_spis\kyrs_spis\debug\menu.obj
d:\универ\лабы оаип\sem2\kyrsovaya\itog_kyrs — итоговый вариант\kyrs_spis\kyrs_spis\debug\del.obj
d:\универ\лабы оаип\sem2\kyrsovaya\itog_kyrs — итоговый вариант\kyrs_spis\kyrs_spis\debug\edit.obj
d:\универ\лабы оаип\sem2\kyrsovaya\itog_kyrs — итоговый вариант\kyrs_spis\kyrs_spis\debug\add_last.obj
d:\универ\лабы оаип\sem2\kyrsovaya\itog_kyrs — итоговый вариант\kyrs_spis\kyrs_spis\debug\print_for_filt.obj
c:\users\sstom\desktop\курсач итог\kyrs_spis - тестовая\kyrs_spis\debug\kyrs_spis.pch
c:\users\sstom\desktop\курсач итог\kyrs_spis - тестовая\kyrs_spis\debug\vc140.pdb
c:\users\sstom\desktop\курсач итог\kyrs_spis - тестовая\kyrs_spis\debug\vc140.idb
c:\users\sstom\desktop\курсач итог\kyrs_spis - тестовая\kyrs_spis\debug\stdafx.obj
c:\users\sstom\desktop\курсач итог\kyrs_spis - тестовая\kyrs_spis\debug\add_last.obj
c:\users\sstom\desktop\курсач итог\kyrs_spis - тестовая\kyrs_spis\debug\check_input.obj
c:\users\sstom\desktop\курсач итог\kyrs_spis - тестовая\kyrs_spis\debug\del.obj
c:\users\sstom\desktop\курсач итог\kyrs_spis - тестовая\kyrs_spis\debug\edit.obj
c:\users\sstom\desktop\курсач итог\kyrs_spis - тестовая\kyrs_spis\debug\filework.obj
c:\users\sstom\desktop\курсач итог\kyrs_spis - тестовая\kyrs_spis\debug\filt.obj
c:\users\sstom\desktop\курсач итог\kyrs_spis - тестовая\kyrs_spis\debug\input.obj
c:\users\sstom\desktop\курсач итог\kyrs_spis - тестовая\kyrs_spis\debug\main.obj
c:\users\sstom\desktop\курсач итог\kyrs_spis - тестовая\kyrs_spis\debug\menu.obj
c:\users\sstom\desktop\курсач итог\kyrs_spis - тестовая\kyrs_spis\debug\print.obj
c:\users\sstom\desktop\курсач итог\kyrs_spis - тестовая\kyrs_spis\debug\print_for_filt.obj
c:\users\sstom\desktop\курсач итог\kyrs_spis - тестовая\kyrs_spis\debug\search.obj
c:\users\sstom\desktop\курсач итог\kyrs_spis - тестовая\kyrs_spis\debug\sort.obj
d:\универ\лабы оаип\sem2\kyrsovaya\itog_kyrs — итоговый вариант\kyrs_spis\debug\kyrs_spis.ilk
d:\универ\лабы оаип\sem2\kyrsovaya\itog_kyrs — итоговый вариант\kyrs_spis\debug\kyrs_spis.exe
d:\универ\лабы оаип\sem2\kyrsovaya\itog_kyrs — итоговый вариант\kyrs_spis\debug\kyrs_spis.pdb
c:\users\sstom\desktop\курсач итог\kyrs_spis - тестовая\debug\kyrs_spis.ilk
c:\users\sstom\desktop\курсач итог\kyrs_spis - тестовая\debug\kyrs_spis.exe
c:\users\sstom\desktop\курсач итог\kyrs_spis - тестовая\debug\kyrs_spis.pdb
c:\users\sstom\desktop\курсач итог\kyrs_spis - тестовая\kyrs_spis\debug\kyrs_spis.obj
c:\users\sstom\desktop\курсач итог\kyrs_spis - тестовая\kyrs_spis\debug\filework.obj.enc
c:\users\sstom\desktop\курсач итог\kyrs_spis - тестовая\kyrs_spis\debug\kyrs_spis.tlog\cl.command.1.tlog
c:\users\sstom\desktop\курсач итог\kyrs_spis - тестовая\kyrs_spis\debug\kyrs_spis.tlog\cl.read.1.tlog
c:\users\sstom\desktop\курсач итог\kyrs_spis - тестовая\kyrs_spis\debug\kyrs_spis.tlog\cl.write.1.tlog
c:\users\sstom\desktop\курсач итог\kyrs_spis - тестовая\kyrs_spis\debug\kyrs_spis.tlog\link.command.1.tlog
c:\users\sstom\desktop\курсач итог\kyrs_spis - тестовая\kyrs_spis\debug\kyrs_spis.tlog\link.read.1.tlog
c:\users\sstom\desktop\курсач итог\kyrs_spis - тестовая\kyrs_spis\debug\kyrs_spis.tlog\link.write.1.tlog
