  main.cpp
c:\users\sstom\desktop\курсач итог\kyrs_spis - итоговая\kyrs_spis\main.cpp(4): warning C4603: _CRT_SECURE_NO_WARNINGS: макрос не определен или определение изменилось после использования предкомпилированного заголовка
  c:\users\sstom\desktop\курсач итог\kyrs_spis - итоговая\kyrs_spis\main.cpp(4): note: Добавление макроопределения в предкомпилированный заголовок вместо определения его здесь
  c:\users\sstom\desktop\курсач итог\kyrs_spis - итоговая\kyrs_spis\main.cpp(5): note: использование предварительно скомпилированного заголовка
c:\users\sstom\desktop\курсач итог\kyrs_spis - итоговая\kyrs_spis\menu.h(4): warning C4091: extern : пропускается слева от "_hotel", когда ни одна переменная не объявлена
  Создание кода...
  Компиляция...
  check_input.cpp
c:\users\sstom\desktop\курсач итог\kyrs_spis - итоговая\kyrs_spis\check_input.cpp(1): warning C4603: _CRT_SECURE_NO_WARNINGS: макрос не определен или определение изменилось после использования предкомпилированного заголовка
  c:\users\sstom\desktop\курсач итог\kyrs_spis - итоговая\kyrs_spis\check_input.cpp(1): note: Добавление макроопределения в предкомпилированный заголовок вместо определения его здесь
  c:\users\sstom\desktop\курсач итог\kyrs_spis - итоговая\kyrs_spis\check_input.cpp(2): note: использование предварительно скомпилированного заголовка
c:\users\sstom\desktop\курсач итог\kyrs_spis - итоговая\kyrs_spis\check_input.cpp(132): warning C4018: <: несоответствие типов со знаком и без знака
  Создание кода...
c:\users\sstom\desktop\курсач итог\kyrs_spis - итоговая\kyrs_spis\check_input.cpp(139): warning C4715: check_input: значение возвращается не при всех путях выполнения
  Компиляция...
  sort.cpp
c:\users\sstom\desktop\курсач итог\kyrs_spis - итоговая\kyrs_spis\sort.cpp(1): warning C4603: _CRT_SECURE_NO_WARNINGS: макрос не определен или определение изменилось после использования предкомпилированного заголовка
  c:\users\sstom\desktop\курсач итог\kyrs_spis - итоговая\kyrs_spis\sort.cpp(1): note: Добавление макроопределения в предкомпилированный заголовок вместо определения его здесь
  c:\users\sstom\desktop\курсач итог\kyrs_spis - итоговая\kyrs_spis\sort.cpp(2): note: использование предварительно скомпилированного заголовка
c:\users\sstom\desktop\курсач итог\kyrs_spis - итоговая\kyrs_spis\sort.h(4): warning C4091: extern : пропускается слева от "_hotel", когда ни одна переменная не объявлена
c:\users\sstom\desktop\курсач итог\kyrs_spis - итоговая\kyrs_spis\print.h(4): warning C4091: extern : пропускается слева от "_hotel", когда ни одна переменная не объявлена
c:\users\sstom\desktop\курсач итог\kyrs_spis - итоговая\kyrs_spis\sort.cpp(37): warning C4091: extern : пропускается слева от "_hotel", когда ни одна переменная не объявлена
c:\users\sstom\desktop\курсач итог\kyrs_spis - итоговая\kyrs_spis\sort.cpp(98): warning C4996: 'strcpy': This function or variable may be unsafe. Consider using strcpy_s instead. To disable deprecation, use _CRT_SECURE_NO_WARNINGS. See online help for details.
  c:\program files (x86)\windows kits\10\include\10.0.10240.0\ucrt\string.h(119): note:  см. объявление "strcpy"
c:\users\sstom\desktop\курсач итог\kyrs_spis - итоговая\kyrs_spis\sort.cpp(100): warning C4996: 'strcpy': This function or variable may be unsafe. Consider using strcpy_s instead. To disable deprecation, use _CRT_SECURE_NO_WARNINGS. See online help for details.
  c:\program files (x86)\windows kits\10\include\10.0.10240.0\ucrt\string.h(119): note:  см. объявление "strcpy"
c:\users\sstom\desktop\курсач итог\kyrs_spis - итоговая\kyrs_spis\sort.cpp(103): warning C4996: 'strcpy': This function or variable may be unsafe. Consider using strcpy_s instead. To disable deprecation, use _CRT_SECURE_NO_WARNINGS. See online help for details.
  c:\program files (x86)\windows kits\10\include\10.0.10240.0\ucrt\string.h(119): note:  см. объявление "strcpy"
c:\users\sstom\desktop\курсач итог\kyrs_spis - итоговая\kyrs_spis\sort.cpp(106): warning C4996: 'strcpy': This function or variable may be unsafe. Consider using strcpy_s instead. To disable deprecation, use _CRT_SECURE_NO_WARNINGS. See online help for details.
  c:\program files (x86)\windows kits\10\include\10.0.10240.0\ucrt\string.h(119): note:  см. объявление "strcpy"
c:\users\sstom\desktop\курсач итог\kyrs_spis - итоговая\kyrs_spis\sort.cpp(120): warning C4996: 'strcpy': This function or variable may be unsafe. Consider using strcpy_s instead. To disable deprecation, use _CRT_SECURE_NO_WARNINGS. See online help for details.
  c:\program files (x86)\windows kits\10\include\10.0.10240.0\ucrt\string.h(119): note:  см. объявление "strcpy"
c:\users\sstom\desktop\курсач итог\kyrs_spis - итоговая\kyrs_spis\sort.cpp(121): warning C4996: 'strcpy': This function or variable may be unsafe. Consider using strcpy_s instead. To disable deprecation, use _CRT_SECURE_NO_WARNINGS. See online help for details.
  c:\program files (x86)\windows kits\10\include\10.0.10240.0\ucrt\string.h(119): note:  см. объявление "strcpy"
c:\users\sstom\desktop\курсач итог\kyrs_spis - итоговая\kyrs_spis\sort.cpp(123): warning C4996: 'strcpy': This function or variable may be unsafe. Consider using strcpy_s instead. To disable deprecation, use _CRT_SECURE_NO_WARNINGS. See online help for details.
  c:\program files (x86)\windows kits\10\include\10.0.10240.0\ucrt\string.h(119): note:  см. объявление "strcpy"
c:\users\sstom\desktop\курсач итог\kyrs_spis - итоговая\kyrs_spis\sort.cpp(124): warning C4996: 'strcpy': This function or variable may be unsafe. Consider using strcpy_s instead. To disable deprecation, use _CRT_SECURE_NO_WARNINGS. See online help for details.
  c:\program files (x86)\windows kits\10\include\10.0.10240.0\ucrt\string.h(119): note:  см. объявление "strcpy"
c:\users\sstom\desktop\курсач итог\kyrs_spis - итоговая\kyrs_spis\sort.cpp(129): warning C4996: 'strcpy': This function or variable may be unsafe. Consider using strcpy_s instead. To disable deprecation, use _CRT_SECURE_NO_WARNINGS. See online help for details.
  c:\program files (x86)\windows kits\10\include\10.0.10240.0\ucrt\string.h(119): note:  см. объявление "strcpy"
c:\users\sstom\desktop\курсач итог\kyrs_spis - итоговая\kyrs_spis\sort.cpp(130): warning C4996: 'strcpy': This function or variable may be unsafe. Consider using strcpy_s instead. To disable deprecation, use _CRT_SECURE_NO_WARNINGS. See online help for details.
  c:\program files (x86)\windows kits\10\include\10.0.10240.0\ucrt\string.h(119): note:  см. объявление "strcpy"
c:\users\sstom\desktop\курсач итог\kyrs_spis - итоговая\kyrs_spis\sort.cpp(135): warning C4996: 'strcpy': This function or variable may be unsafe. Consider using strcpy_s instead. To disable deprecation, use _CRT_SECURE_NO_WARNINGS. See online help for details.
  c:\program files (x86)\windows kits\10\include\10.0.10240.0\ucrt\string.h(119): note:  см. объявление "strcpy"
c:\users\sstom\desktop\курсач итог\kyrs_spis - итоговая\kyrs_spis\sort.cpp(136): warning C4996: 'strcpy': This function or variable may be unsafe. Consider using strcpy_s instead. To disable deprecation, use _CRT_SECURE_NO_WARNINGS. See online help for details.
  c:\program files (x86)\windows kits\10\include\10.0.10240.0\ucrt\string.h(119): note:  см. объявление "strcpy"
  search.cpp
c:\users\sstom\desktop\курсач итог\kyrs_spis - итоговая\kyrs_spis\search.cpp(1): warning C4603: _CRT_SECURE_NO_WARNINGS: макрос не определен или определение изменилось после использования предкомпилированного заголовка
  c:\users\sstom\desktop\курсач итог\kyrs_spis - итоговая\kyrs_spis\search.cpp(1): note: Добавление макроопределения в предкомпилированный заголовок вместо определения его здесь
  c:\users\sstom\desktop\курсач итог\kyrs_spis - итоговая\kyrs_spis\search.cpp(2): note: использование предварительно скомпилированного заголовка
c:\users\sstom\desktop\курсач итог\kyrs_spis - итоговая\kyrs_spis\search.h(4): warning C4091: extern : пропускается слева от "_hotel", когда ни одна переменная не объявлена
c:\users\sstom\desktop\курсач итог\kyrs_spis - итоговая\kyrs_spis\print_for_filt.h(4): warning C4091: extern : пропускается слева от "_hotel", когда ни одна переменная не объявлена
c:\users\sstom\desktop\курсач итог\kyrs_spis - итоговая\kyrs_spis\search.cpp(35): warning C4091: extern : пропускается слева от "_hotel", когда ни одна переменная не объявлена
c:\users\sstom\desktop\курсач итог\kyrs_spis - итоговая\kyrs_spis\search.cpp(114): warning C4996: 'strcpy': This function or variable may be unsafe. Consider using strcpy_s instead. To disable deprecation, use _CRT_SECURE_NO_WARNINGS. See online help for details.
  c:\program files (x86)\windows kits\10\include\10.0.10240.0\ucrt\string.h(119): note:  см. объявление "strcpy"
c:\users\sstom\desktop\курсач итог\kyrs_spis - итоговая\kyrs_spis\search.cpp(118): warning C4996: 'strcpy': This function or variable may be unsafe. Consider using strcpy_s instead. To disable deprecation, use _CRT_SECURE_NO_WARNINGS. See online help for details.
  c:\program files (x86)\windows kits\10\include\10.0.10240.0\ucrt\string.h(119): note:  см. объявление "strcpy"
c:\users\sstom\desktop\курсач итог\kyrs_spis - итоговая\kyrs_spis\search.cpp(122): warning C4996: 'strcpy': This function or variable may be unsafe. Consider using strcpy_s instead. To disable deprecation, use _CRT_SECURE_NO_WARNINGS. See online help for details.
  c:\program files (x86)\windows kits\10\include\10.0.10240.0\ucrt\string.h(119): note:  см. объявление "strcpy"
c:\users\sstom\desktop\курсач итог\kyrs_spis - итоговая\kyrs_spis\search.cpp(126): warning C4996: 'strcpy': This function or variable may be unsafe. Consider using strcpy_s instead. To disable deprecation, use _CRT_SECURE_NO_WARNINGS. See online help for details.
  c:\program files (x86)\windows kits\10\include\10.0.10240.0\ucrt\string.h(119): note:  см. объявление "strcpy"
c:\users\sstom\desktop\курсач итог\kyrs_spis - итоговая\kyrs_spis\search.cpp(130): warning C4996: 'strcpy': This function or variable may be unsafe. Consider using strcpy_s instead. To disable deprecation, use _CRT_SECURE_NO_WARNINGS. See online help for details.
  c:\program files (x86)\windows kits\10\include\10.0.10240.0\ucrt\string.h(119): note:  см. объявление "strcpy"
  menu.cpp
c:\users\sstom\desktop\курсач итог\kyrs_spis - итоговая\kyrs_spis\menu.cpp(1): warning C4603: _CRT_SECURE_NO_WARNINGS: макрос не определен или определение изменилось после использования предкомпилированного заголовка
  c:\users\sstom\desktop\курсач итог\kyrs_spis - итоговая\kyrs_spis\menu.cpp(1): note: Добавление макроопределения в предкомпилированный заголовок вместо определения его здесь
  c:\users\sstom\desktop\курсач итог\kyrs_spis - итоговая\kyrs_spis\menu.cpp(2): note: использование предварительно скомпилированного заголовка
c:\users\sstom\desktop\курсач итог\kyrs_spis - итоговая\kyrs_spis\input.h(4): warning C4091: extern : пропускается слева от "_hotel", когда ни одна переменная не объявлена
c:\users\sstom\desktop\курсач итог\kyrs_spis - итоговая\kyrs_spis\print.h(4): warning C4091: extern : пропускается слева от "_hotel", когда ни одна переменная не объявлена
c:\users\sstom\desktop\курсач итог\kyrs_spis - итоговая\kyrs_spis\del.h(4): warning C4091: extern : пропускается слева от "_hotel", когда ни одна переменная не объявлена
c:\users\sstom\desktop\курсач итог\kyrs_spis - итоговая\kyrs_spis\edit.h(4): warning C4091: extern : пропускается слева от "_hotel", когда ни одна переменная не объявлена
c:\users\sstom\desktop\курсач итог\kyrs_spis - итоговая\kyrs_spis\search.h(4): warning C4091: extern : пропускается слева от "_hotel", когда ни одна переменная не объявлена
c:\users\sstom\desktop\курсач итог\kyrs_spis - итоговая\kyrs_spis\sort.h(4): warning C4091: extern : пропускается слева от "_hotel", когда ни одна переменная не объявлена
c:\users\sstom\desktop\курсач итог\kyrs_spis - итоговая\kyrs_spis\filework.h(4): warning C4091: extern : пропускается слева от "_hotel", когда ни одна переменная не объявлена
c:\users\sstom\desktop\курсач итог\kyrs_spis - итоговая\kyrs_spis\filt.h(4): warning C4091: extern : пропускается слева от "_hotel", когда ни одна переменная не объявлена
c:\users\sstom\desktop\курсач итог\kyrs_spis - итоговая\kyrs_spis\menu.cpp(41): warning C4091: extern : пропускается слева от "_hotel", когда ни одна переменная не объявлена
  input.cpp
c:\users\sstom\desktop\курсач итог\kyrs_spis - итоговая\kyrs_spis\input.cpp(1): warning C4603: _CRT_SECURE_NO_WARNINGS: макрос не определен или определение изменилось после использования предкомпилированного заголовка
  c:\users\sstom\desktop\курсач итог\kyrs_spis - итоговая\kyrs_spis\input.cpp(1): note: Добавление макроопределения в предкомпилированный заголовок вместо определения его здесь
  c:\users\sstom\desktop\курсач итог\kyrs_spis - итоговая\kyrs_spis\input.cpp(2): note: использование предварительно скомпилированного заголовка
c:\users\sstom\desktop\курсач итог\kyrs_spis - итоговая\kyrs_spis\input.h(4): warning C4091: extern : пропускается слева от "_hotel", когда ни одна переменная не объявлена
c:\users\sstom\desktop\курсач итог\kyrs_spis - итоговая\kyrs_spis\add_last.h(4): warning C4091: extern : пропускается слева от "_hotel", когда ни одна переменная не объявлена
c:\users\sstom\desktop\курсач итог\kyrs_spis - итоговая\kyrs_spis\input.cpp(34): warning C4091: extern : пропускается слева от "_hotel", когда ни одна переменная не объявлена
c:\users\sstom\desktop\курсач итог\kyrs_spis - итоговая\kyrs_spis\input.cpp(151): warning C4996: 'strcpy': This function or variable may be unsafe. Consider using strcpy_s instead. To disable deprecation, use _CRT_SECURE_NO_WARNINGS. See online help for details.
  c:\program files (x86)\windows kits\10\include\10.0.10240.0\ucrt\string.h(119): note:  см. объявление "strcpy"
c:\users\sstom\desktop\курсач итог\kyrs_spis - итоговая\kyrs_spis\input.cpp(167): warning C4996: 'strcpy': This function or variable may be unsafe. Consider using strcpy_s instead. To disable deprecation, use _CRT_SECURE_NO_WARNINGS. See online help for details.
  c:\program files (x86)\windows kits\10\include\10.0.10240.0\ucrt\string.h(119): note:  см. объявление "strcpy"
c:\users\sstom\desktop\курсач итог\kyrs_spis - итоговая\kyrs_spis\input.cpp(171): warning C4996: 'strcpy': This function or variable may be unsafe. Consider using strcpy_s instead. To disable deprecation, use _CRT_SECURE_NO_WARNINGS. See online help for details.
  c:\program files (x86)\windows kits\10\include\10.0.10240.0\ucrt\string.h(119): note:  см. объявление "strcpy"
c:\users\sstom\desktop\курсач итог\kyrs_spis - итоговая\kyrs_spis\input.cpp(175): warning C4996: 'strcpy': This function or variable may be unsafe. Consider using strcpy_s instead. To disable deprecation, use _CRT_SECURE_NO_WARNINGS. See online help for details.
  c:\program files (x86)\windows kits\10\include\10.0.10240.0\ucrt\string.h(119): note:  см. объявление "strcpy"
c:\users\sstom\desktop\курсач итог\kyrs_spis - итоговая\kyrs_spis\input.cpp(179): warning C4996: 'strcpy': This function or variable may be unsafe. Consider using strcpy_s instead. To disable deprecation, use _CRT_SECURE_NO_WARNINGS. See online help for details.
  c:\program files (x86)\windows kits\10\include\10.0.10240.0\ucrt\string.h(119): note:  см. объявление "strcpy"
c:\users\sstom\desktop\курсач итог\kyrs_spis - итоговая\kyrs_spis\input.cpp(183): warning C4996: 'strcpy': This function or variable may be unsafe. Consider using strcpy_s instead. To disable deprecation, use _CRT_SECURE_NO_WARNINGS. See online help for details.
  c:\program files (x86)\windows kits\10\include\10.0.10240.0\ucrt\string.h(119): note:  см. объявление "strcpy"
c:\users\sstom\desktop\курсач итог\kyrs_spis - итоговая\kyrs_spis\input.cpp(217): warning C4996: 'strcpy': This function or variable may be unsafe. Consider using strcpy_s instead. To disable deprecation, use _CRT_SECURE_NO_WARNINGS. See online help for details.
  c:\program files (x86)\windows kits\10\include\10.0.10240.0\ucrt\string.h(119): note:  см. объявление "strcpy"
c:\users\sstom\desktop\курсач итог\kyrs_spis - итоговая\kyrs_spis\input.cpp(246): warning C4996: 'strcpy': This function or variable may be unsafe. Consider using strcpy_s instead. To disable deprecation, use _CRT_SECURE_NO_WARNINGS. See online help for details.
  c:\program files (x86)\windows kits\10\include\10.0.10240.0\ucrt\string.h(119): note:  см. объявление "strcpy"
  filt.cpp
c:\users\sstom\desktop\курсач итог\kyrs_spis - итоговая\kyrs_spis\filt.cpp(1): warning C4603: _CRT_SECURE_NO_WARNINGS: макрос не определен или определение изменилось после использования предкомпилированного заголовка
  c:\users\sstom\desktop\курсач итог\kyrs_spis - итоговая\kyrs_spis\filt.cpp(1): note: Добавление макроопределения в предкомпилированный заголовок вместо определения его здесь
  c:\users\sstom\desktop\курсач итог\kyrs_spis - итоговая\kyrs_spis\filt.cpp(2): note: использование предварительно скомпилированного заголовка
c:\users\sstom\desktop\курсач итог\kyrs_spis - итоговая\kyrs_spis\print_for_filt.h(4): warning C4091: extern : пропускается слева от "_hotel", когда ни одна переменная не объявлена
c:\users\sstom\desktop\курсач итог\kyrs_spis - итоговая\kyrs_spis\filt.h(4): warning C4091: extern : пропускается слева от "_hotel", когда ни одна переменная не объявлена
c:\users\sstom\desktop\курсач итог\kyrs_spis - итоговая\kyrs_spis\filt.cpp(36): warning C4091: extern : пропускается слева от "_hotel", когда ни одна переменная не объявлена
c:\users\sstom\desktop\курсач итог\kyrs_spis - итоговая\kyrs_spis\filt.cpp(218): warning C4101: way: неиспользованная локальная переменная
c:\users\sstom\desktop\курсач итог\kyrs_spis - итоговая\kyrs_spis\filt.cpp(218): warning C4101: date2: неиспользованная локальная переменная
c:\users\sstom\desktop\курсач итог\kyrs_spis - итоговая\kyrs_spis\filt.cpp(233): warning C4101: way: неиспользованная локальная переменная
c:\users\sstom\desktop\курсач итог\kyrs_spis - итоговая\kyrs_spis\filt.cpp(233): warning C4101: date2: неиспользованная локальная переменная
c:\users\sstom\desktop\курсач итог\kyrs_spis - итоговая\kyrs_spis\filt.cpp(248): warning C4101: way: неиспользованная локальная переменная
c:\users\sstom\desktop\курсач итог\kyrs_spis - итоговая\kyrs_spis\filt.cpp(423): warning C4996: 'strcpy': This function or variable may be unsafe. Consider using strcpy_s instead. To disable deprecation, use _CRT_SECURE_NO_WARNINGS. See online help for details.
  c:\program files (x86)\windows kits\10\include\10.0.10240.0\ucrt\string.h(119): note:  см. объявление "strcpy"
c:\users\sstom\desktop\курсач итог\kyrs_spis - итоговая\kyrs_spis\filt.cpp(427): warning C4996: 'strcpy': This function or variable may be unsafe. Consider using strcpy_s instead. To disable deprecation, use _CRT_SECURE_NO_WARNINGS. See online help for details.
  c:\program files (x86)\windows kits\10\include\10.0.10240.0\ucrt\string.h(119): note:  см. объявление "strcpy"
c:\users\sstom\desktop\курсач итог\kyrs_spis - итоговая\kyrs_spis\filt.cpp(431): warning C4996: 'strcpy': This function or variable may be unsafe. Consider using strcpy_s instead. To disable deprecation, use _CRT_SECURE_NO_WARNINGS. See online help for details.
  c:\program files (x86)\windows kits\10\include\10.0.10240.0\ucrt\string.h(119): note:  см. объявление "strcpy"
c:\users\sstom\desktop\курсач итог\kyrs_spis - итоговая\kyrs_spis\filt.cpp(435): warning C4996: 'strcpy': This function or variable may be unsafe. Consider using strcpy_s instead. To disable deprecation, use _CRT_SECURE_NO_WARNINGS. See online help for details.
  c:\program files (x86)\windows kits\10\include\10.0.10240.0\ucrt\string.h(119): note:  см. объявление "strcpy"
c:\users\sstom\desktop\курсач итог\kyrs_spis - итоговая\kyrs_spis\filt.cpp(439): warning C4996: 'strlwr': The POSIX name for this item is deprecated. Instead, use the ISO C and C++ conformant name: _strlwr. See online help for details.
  c:\program files (x86)\windows kits\10\include\10.0.10240.0\ucrt\string.h(574): note:  см. объявление "strlwr"
  filework.cpp
c:\users\sstom\desktop\курсач итог\kyrs_spis - итоговая\kyrs_spis\filework.cpp(1): warning C4603: _CRT_SECURE_NO_WARNINGS: макрос не определен или определение изменилось после использования предкомпилированного заголовка
  c:\users\sstom\desktop\курсач итог\kyrs_spis - итоговая\kyrs_spis\filework.cpp(1): note: Добавление макроопределения в предкомпилированный заголовок вместо определения его здесь
  c:\users\sstom\desktop\курсач итог\kyrs_spis - итоговая\kyrs_spis\filework.cpp(2): note: использование предварительно скомпилированного заголовка
c:\users\sstom\desktop\курсач итог\kyrs_spis - итоговая\kyrs_spis\filework.h(4): warning C4091: extern : пропускается слева от "_hotel", когда ни одна переменная не объявлена
c:\users\sstom\desktop\курсач итог\kyrs_spis - итоговая\kyrs_spis\add_last.h(4): warning C4091: extern : пропускается слева от "_hotel", когда ни одна переменная не объявлена
c:\users\sstom\desktop\курсач итог\kyrs_spis - итоговая\kyrs_spis\filework.cpp(35): warning C4091: extern : пропускается слева от "_hotel", когда ни одна переменная не объявлена
c:\users\sstom\desktop\курсач итог\kyrs_spis - итоговая\kyrs_spis\filework.cpp(50): warning C4101: filename: неиспользованная локальная переменная
c:\users\sstom\desktop\курсач итог\kyrs_spis - итоговая\kyrs_spis\filework.cpp(119): warning C4996: 'strcpy': This function or variable may be unsafe. Consider using strcpy_s instead. To disable deprecation, use _CRT_SECURE_NO_WARNINGS. See online help for details.
  c:\program files (x86)\windows kits\10\include\10.0.10240.0\ucrt\string.h(119): note:  см. объявление "strcpy"
c:\users\sstom\desktop\курсач итог\kyrs_spis - итоговая\kyrs_spis\filework.cpp(120): warning C4996: 'strcat': This function or variable may be unsafe. Consider using strcat_s instead. To disable deprecation, use _CRT_SECURE_NO_WARNINGS. See online help for details.
  c:\program files (x86)\windows kits\10\include\10.0.10240.0\ucrt\string.h(90): note:  см. объявление "strcat"
c:\users\sstom\desktop\курсач итог\kyrs_spis - итоговая\kyrs_spis\filework.cpp(121): warning C4996: 'fopen': This function or variable may be unsafe. Consider using fopen_s instead. To disable deprecation, use _CRT_SECURE_NO_WARNINGS. See online help for details.
  c:\program files (x86)\windows kits\10\include\10.0.10240.0\ucrt\stdio.h(205): note:  см. объявление "fopen"
c:\users\sstom\desktop\курсач итог\kyrs_spis - итоговая\kyrs_spis\filework.cpp(162): warning C4996: 'strcpy': This function or variable may be unsafe. Consider using strcpy_s instead. To disable deprecation, use _CRT_SECURE_NO_WARNINGS. See online help for details.
  c:\program files (x86)\windows kits\10\include\10.0.10240.0\ucrt\string.h(119): note:  см. объявление "strcpy"
c:\users\sstom\desktop\курсач итог\kyrs_spis - итоговая\kyrs_spis\filework.cpp(163): warning C4996: 'strcat': This function or variable may be unsafe. Consider using strcat_s instead. To disable deprecation, use _CRT_SECURE_NO_WARNINGS. See online help for details.
  c:\program files (x86)\windows kits\10\include\10.0.10240.0\ucrt\string.h(90): note:  см. объявление "strcat"
c:\users\sstom\desktop\курсач итог\kyrs_spis - итоговая\kyrs_spis\filework.cpp(176): warning C4996: 'strcpy': This function or variable may be unsafe. Consider using strcpy_s instead. To disable deprecation, use _CRT_SECURE_NO_WARNINGS. See online help for details.
  c:\program files (x86)\windows kits\10\include\10.0.10240.0\ucrt\string.h(119): note:  см. объявление "strcpy"
c:\users\sstom\desktop\курсач итог\kyrs_spis - итоговая\kyrs_spis\filework.cpp(177): warning C4996: 'strcat': This function or variable may be unsafe. Consider using strcat_s instead. To disable deprecation, use _CRT_SECURE_NO_WARNINGS. See online help for details.
  c:\program files (x86)\windows kits\10\include\10.0.10240.0\ucrt\string.h(90): note:  см. объявление "strcat"
c:\users\sstom\desktop\курсач итог\kyrs_spis - итоговая\kyrs_spis\filework.cpp(213): warning C4996: 'strcpy': This function or variable may be unsafe. Consider using strcpy_s instead. To disable deprecation, use _CRT_SECURE_NO_WARNINGS. See online help for details.
  c:\program files (x86)\windows kits\10\include\10.0.10240.0\ucrt\string.h(119): note:  см. объявление "strcpy"
c:\users\sstom\desktop\курсач итог\kyrs_spis - итоговая\kyrs_spis\filework.cpp(214): warning C4996: 'strcat': This function or variable may be unsafe. Consider using strcat_s instead. To disable deprecation, use _CRT_SECURE_NO_WARNINGS. See online help for details.
  c:\program files (x86)\windows kits\10\include\10.0.10240.0\ucrt\string.h(90): note:  см. объявление "strcat"
c:\users\sstom\desktop\курсач итог\kyrs_spis - итоговая\kyrs_spis\filework.cpp(215): warning C4996: 'fopen': This function or variable may be unsafe. Consider using fopen_s instead. To disable deprecation, use _CRT_SECURE_NO_WARNINGS. See online help for details.
  c:\program files (x86)\windows kits\10\include\10.0.10240.0\ucrt\stdio.h(205): note:  см. объявление "fopen"
c:\users\sstom\desktop\курсач итог\kyrs_spis - итоговая\kyrs_spis\filework.cpp(253): warning C4996: 'strcpy': This function or variable may be unsafe. Consider using strcpy_s instead. To disable deprecation, use _CRT_SECURE_NO_WARNINGS. See online help for details.
  c:\program files (x86)\windows kits\10\include\10.0.10240.0\ucrt\string.h(119): note:  см. объявление "strcpy"
c:\users\sstom\desktop\курсач итог\kyrs_spis - итоговая\kyrs_spis\filework.cpp(254): warning C4996: 'strcat': This function or variable may be unsafe. Consider using strcat_s instead. To disable deprecation, use _CRT_SECURE_NO_WARNINGS. See online help for details.
  c:\program files (x86)\windows kits\10\include\10.0.10240.0\ucrt\string.h(90): note:  см. объявление "strcat"
c:\users\sstom\desktop\курсач итог\kyrs_spis - итоговая\kyrs_spis\filework.cpp(255): warning C4996: 'fopen': This function or variable may be unsafe. Consider using fopen_s instead. To disable deprecation, use _CRT_SECURE_NO_WARNINGS. See online help for details.
  c:\program files (x86)\windows kits\10\include\10.0.10240.0\ucrt\stdio.h(205): note:  см. объявление "fopen"
c:\users\sstom\desktop\курсач итог\kyrs_spis - итоговая\kyrs_spis\filework.cpp(259): warning C4996: 'fopen': This function or variable may be unsafe. Consider using fopen_s instead. To disable deprecation, use _CRT_SECURE_NO_WARNINGS. See online help for details.
  c:\program files (x86)\windows kits\10\include\10.0.10240.0\ucrt\stdio.h(205): note:  см. объявление "fopen"
c:\users\sstom\desktop\курсач итог\kyrs_spis - итоговая\kyrs_spis\filework.cpp(260): warning C4996: 'fopen': This function or variable may be unsafe. Consider using fopen_s instead. To disable deprecation, use _CRT_SECURE_NO_WARNINGS. See online help for details.
  c:\program files (x86)\windows kits\10\include\10.0.10240.0\ucrt\stdio.h(205): note:  см. объявление "fopen"
c:\users\sstom\desktop\курсач итог\kyrs_spis - итоговая\kyrs_spis\filework.cpp(264): warning C4996: 'fscanf': This function or variable may be unsafe. Consider using fscanf_s instead. To disable deprecation, use _CRT_SECURE_NO_WARNINGS. See online help for details.
  c:\program files (x86)\windows kits\10\include\10.0.10240.0\ucrt\stdio.h(1193): note:  см. объявление "fscanf"
c:\users\sstom\desktop\курсач итог\kyrs_spis - итоговая\kyrs_spis\filework.cpp(287): warning C4996: 'fopen': This function or variable may be unsafe. Consider using fopen_s instead. To disable deprecation, use _CRT_SECURE_NO_WARNINGS. See online help for details.
  c:\program files (x86)\windows kits\10\include\10.0.10240.0\ucrt\stdio.h(205): note:  см. объявление "fopen"
c:\users\sstom\desktop\курсач итог\kyrs_spis - итоговая\kyrs_spis\filework.cpp(290): warning C4996: 'fscanf': This function or variable may be unsafe. Consider using fscanf_s instead. To disable deprecation, use _CRT_SECURE_NO_WARNINGS. See online help for details.
  c:\program files (x86)\windows kits\10\include\10.0.10240.0\ucrt\stdio.h(1193): note:  см. объявление "fscanf"
  edit.cpp
c:\users\sstom\desktop\курсач итог\kyrs_spis - итоговая\kyrs_spis\edit.cpp(1): warning C4603: _CRT_SECURE_NO_WARNINGS: макрос не определен или определение изменилось после использования предкомпилированного заголовка
  c:\users\sstom\desktop\курсач итог\kyrs_spis - итоговая\kyrs_spis\edit.cpp(1): note: Добавление макроопределения в предкомпилированный заголовок вместо определения его здесь
  c:\users\sstom\desktop\курсач итог\kyrs_spis - итоговая\kyrs_spis\edit.cpp(2): note: использование предварительно скомпилированного заголовка
c:\users\sstom\desktop\курсач итог\kyrs_spis - итоговая\kyrs_spis\edit.h(4): warning C4091: extern : пропускается слева от "_hotel", когда ни одна переменная не объявлена
c:\users\sstom\desktop\курсач итог\kyrs_spis - итоговая\kyrs_spis\edit.cpp(35): warning C4091: extern : пропускается слева от "_hotel", когда ни одна переменная не объявлена
c:\users\sstom\desktop\курсач итог\kyrs_spis - итоговая\kyrs_spis\edit.cpp(134): warning C4996: 'strcpy': This function or variable may be unsafe. Consider using strcpy_s instead. To disable deprecation, use _CRT_SECURE_NO_WARNINGS. See online help for details.
  c:\program files (x86)\windows kits\10\include\10.0.10240.0\ucrt\string.h(119): note:  см. объявление "strcpy"
c:\users\sstom\desktop\курсач итог\kyrs_spis - итоговая\kyrs_spis\edit.cpp(151): warning C4996: 'strcpy': This function or variable may be unsafe. Consider using strcpy_s instead. To disable deprecation, use _CRT_SECURE_NO_WARNINGS. See online help for details.
  c:\program files (x86)\windows kits\10\include\10.0.10240.0\ucrt\string.h(119): note:  см. объявление "strcpy"
c:\users\sstom\desktop\курсач итог\kyrs_spis - итоговая\kyrs_spis\edit.cpp(155): warning C4996: 'strcpy': This function or variable may be unsafe. Consider using strcpy_s instead. To disable deprecation, use _CRT_SECURE_NO_WARNINGS. See online help for details.
  c:\program files (x86)\windows kits\10\include\10.0.10240.0\ucrt\string.h(119): note:  см. объявление "strcpy"
c:\users\sstom\desktop\курсач итог\kyrs_spis - итоговая\kyrs_spis\edit.cpp(159): warning C4996: 'strcpy': This function or variable may be unsafe. Consider using strcpy_s instead. To disable deprecation, use _CRT_SECURE_NO_WARNINGS. See online help for details.
  c:\program files (x86)\windows kits\10\include\10.0.10240.0\ucrt\string.h(119): note:  см. объявление "strcpy"
c:\users\sstom\desktop\курсач итог\kyrs_spis - итоговая\kyrs_spis\edit.cpp(163): warning C4996: 'strcpy': This function or variable may be unsafe. Consider using strcpy_s instead. To disable deprecation, use _CRT_SECURE_NO_WARNINGS. See online help for details.
  c:\program files (x86)\windows kits\10\include\10.0.10240.0\ucrt\string.h(119): note:  см. объявление "strcpy"
c:\users\sstom\desktop\курсач итог\kyrs_spis - итоговая\kyrs_spis\edit.cpp(167): warning C4996: 'strcpy': This function or variable may be unsafe. Consider using strcpy_s instead. To disable deprecation, use _CRT_SECURE_NO_WARNINGS. See online help for details.
  c:\program files (x86)\windows kits\10\include\10.0.10240.0\ucrt\string.h(119): note:  см. объявление "strcpy"
c:\users\sstom\desktop\курсач итог\kyrs_spis - итоговая\kyrs_spis\edit.cpp(199): warning C4996: 'strcpy': This function or variable may be unsafe. Consider using strcpy_s instead. To disable deprecation, use _CRT_SECURE_NO_WARNINGS. See online help for details.
  c:\program files (x86)\windows kits\10\include\10.0.10240.0\ucrt\string.h(119): note:  см. объявление "strcpy"
c:\users\sstom\desktop\курсач итог\kyrs_spis - итоговая\kyrs_spis\edit.cpp(228): warning C4996: 'strcpy': This function or variable may be unsafe. Consider using strcpy_s instead. To disable deprecation, use _CRT_SECURE_NO_WARNINGS. See online help for details.
  c:\program files (x86)\windows kits\10\include\10.0.10240.0\ucrt\string.h(119): note:  см. объявление "strcpy"
  del.cpp
c:\users\sstom\desktop\курсач итог\kyrs_spis - итоговая\kyrs_spis\del.cpp(1): warning C4603: _CRT_SECURE_NO_WARNINGS: макрос не определен или определение изменилось после использования предкомпилированного заголовка
  c:\users\sstom\desktop\курсач итог\kyrs_spis - итоговая\kyrs_spis\del.cpp(1): note: Добавление макроопределения в предкомпилированный заголовок вместо определения его здесь
  c:\users\sstom\desktop\курсач итог\kyrs_spis - итоговая\kyrs_spis\del.cpp(2): note: использование предварительно скомпилированного заголовка
c:\users\sstom\desktop\курсач итог\kyrs_spis - итоговая\kyrs_spis\del.h(4): warning C4091: extern : пропускается слева от "_hotel", когда ни одна переменная не объявлена
c:\users\sstom\desktop\курсач итог\kyrs_spis - итоговая\kyrs_spis\print.h(4): warning C4091: extern : пропускается слева от "_hotel", когда ни одна переменная не объявлена
c:\users\sstom\desktop\курсач итог\kyrs_spis - итоговая\kyrs_spis\del.cpp(35): warning C4091: extern : пропускается слева от "_hotel", когда ни одна переменная не объявлена
  Создание кода...
c:\users\sstom\desktop\курсач итог\kyrs_spis - итоговая\kyrs_spis\filework.cpp(312): warning C4715: check_read_file: значение возвращается не при всех путях выполнения
  kyrs_spis.vcxproj -> C:\Users\sstom\Desktop\курсач итог\kyrs_spis - итоговая\Debug\kyrs_spis.exe
